# JRE version: Java(TM) SE Runtime Environment (8.0_131-b11) (build 1.8.0_131-b11)
# Java VM: Java HotSpot(TM) 64-Bit Server VM (25.131-b11 mixed mode windows-amd64 compressed oops)
Heap:
 PSYoungGen      total 38400K, used 8922K [0x00000000fab00000, 0x00000000ff600000, 0x0000000100000000)
  eden space 33280K, 11% used [0x00000000fab00000,0x00000000faebe4e0,0x00000000fcb80000)
  from space 5120K, 99% used [0x00000000fcb80000,0x00000000fd0784c0,0x00000000fd080000)
  to   space 5120K, 0% used [0x00000000ff100000,0x00000000ff100000,0x00000000ff600000)
 ParOldGen       total 87552K, used 3576K [0x00000000f0000000, 0x00000000f5580000, 0x00000000fab00000)
  object space 87552K, 4% used [0x00000000f0000000,0x00000000f037e2d8,0x00000000f5580000)
 Metaspace       used 15880K, capacity 16204K, committed 16256K, reserved 1062912K
  class space    used 2294K, capacity 2414K, committed 2432K, reserved 1048576K
GC Heap History (6 events):
Event: 0.700 GC heap before
{Heap before GC invocations=1 (full 0):
 PSYoungGen      total 38400K, used 33280K [0x00000000fab00000, 0x00000000fd580000, 0x0000000100000000)
  eden space 33280K, 100% used [0x00000000fab00000,0x00000000fcb80000,0x00000000fcb80000)
  from space 5120K, 0% used [0x00000000fd080000,0x00000000fd080000,0x00000000fd580000)
  to   space 5120K, 0% used [0x00000000fcb80000,0x00000000fcb80000,0x00000000fd080000)
 ParOldGen       total 87552K, used 0K [0x00000000f0000000, 0x00000000f5580000, 0x00000000fab00000)
  object space 87552K, 0% used [0x00000000f0000000,0x00000000f0000000,0x00000000f5580000)
 Metaspace       used 6844K, capacity 6984K, committed 7168K, reserved 1056768K
  class space    used 858K, capacity 909K, committed 1024K, reserved 1048576K
Event: 0.703 GC heap after
Heap after GC invocations=1 (full 0):
 PSYoungGen      total 38400K, used 3963K [0x00000000fab00000, 0x00000000fd580000, 0x0000000100000000)
  eden space 33280K, 0% used [0x00000000fab00000,0x00000000fab00000,0x00000000fcb80000)
  from space 5120K, 77% used [0x00000000fcb80000,0x00000000fcf5ec58,0x00000000fd080000)
  to   space 5120K, 0% used [0x00000000fd080000,0x00000000fd080000,0x00000000fd580000)
 ParOldGen       total 87552K, used 8K [0x00000000f0000000, 0x00000000f5580000, 0x00000000fab00000)
  object space 87552K, 0% used [0x00000000f0000000,0x00000000f0002000,0x00000000f5580000)
 Metaspace       used 6844K, capacity 6984K, committed 7168K, reserved 1056768K
  class space    used 858K, capacity 909K, committed 1024K, reserved 1048576K
}
Event: 1.419 GC heap before
{Heap before GC invocations=2 (full 0):
 PSYoungGen      total 38400K, used 37243K [0x00000000fab00000, 0x00000000fd580000, 0x0000000100000000)
  eden space 33280K, 100% used [0x00000000fab00000,0x00000000fcb80000,0x00000000fcb80000)
  from space 5120K, 77% used [0x00000000fcb80000,0x00000000fcf5ec58,0x00000000fd080000)
  to   space 5120K, 0% used [0x00000000fd080000,0x00000000fd080000,0x00000000fd580000)
 ParOldGen       total 87552K, used 8K [0x00000000f0000000, 0x00000000f5580000, 0x00000000fab00000)
  object space 87552K, 0% used [0x00000000f0000000,0x00000000f0002000,0x00000000f5580000)
 Metaspace       used 12176K, capacity 12520K, committed 12672K, reserved 1060864K
  class space    used 1654K, capacity 1804K, committed 1920K, reserved 1048576K
Event: 1.425 GC heap after
Heap after GC invocations=2 (full 0):
 PSYoungGen      total 38400K, used 5106K [0x00000000fab00000, 0x00000000fd580000, 0x0000000100000000)
  eden space 33280K, 0% used [0x00000000fab00000,0x00000000fab00000,0x00000000fcb80000)
  from space 5120K, 99% used [0x00000000fd080000,0x00000000fd57cb50,0x00000000fd580000)
  to   space 5120K, 0% used [0x00000000fcb80000,0x00000000fcb80000,0x00000000fd080000)
 ParOldGen       total 87552K, used 798K [0x00000000f0000000, 0x00000000f5580000, 0x00000000fab00000)
  object space 87552K, 0% used [0x00000000f0000000,0x00000000f00c7918,0x00000000f5580000)
 Metaspace       used 12176K, capacity 12520K, committed 12672K, reserved 1060864K
  class space    used 1654K, capacity 1804K, committed 1920K, reserved 1048576K
}
Event: 1.733 GC heap before
{Heap before GC invocations=3 (full 0):
 PSYoungGen      total 38400K, used 38386K [0x00000000fab00000, 0x00000000fd580000, 0x0000000100000000)
  eden space 33280K, 100% used [0x00000000fab00000,0x00000000fcb80000,0x00000000fcb80000)
  from space 5120K, 99% used [0x00000000fd080000,0x00000000fd57cb50,0x00000000fd580000)
  to   space 5120K, 0% used [0x00000000fcb80000,0x00000000fcb80000,0x00000000fd080000)
 ParOldGen       total 87552K, used 798K [0x00000000f0000000, 0x00000000f5580000, 0x00000000fab00000)
  object space 87552K, 0% used [0x00000000f0000000,0x00000000f00c7918,0x00000000f5580000)
 Metaspace       used 15413K, capacity 15692K, committed 16000K, reserved 1062912K
  class space    used 2230K, capacity 2350K, committed 2432K, reserved 1048576K
Event: 1.743 GC heap after
Heap after GC invocations=3 (full 0):
 PSYoungGen      total 38400K, used 5089K [0x00000000fab00000, 0x00000000ff600000, 0x0000000100000000)
  eden space 33280K, 0% used [0x00000000fab00000,0x00000000fab00000,0x00000000fcb80000)
  from space 5120K, 99% used [0x00000000fcb80000,0x00000000fd0784c0,0x00000000fd080000)
  to   space 5120K, 0% used [0x00000000ff100000,0x00000000ff100000,0x00000000ff600000)
 ParOldGen       total 87552K, used 3576K [0x00000000f0000000, 0x00000000f5580000, 0x00000000fab00000)
  object space 87552K, 4% used [0x00000000f0000000,0x00000000f037e2d8,0x00000000f5580000)
 Metaspace       used 15413K, capacity 15692K, committed 16000K, reserved 1062912K
  class space    used 2230K, capacity 2350K, committed 2432K, reserved 1048576K
}

