# JRE version: Java(TM) SE Runtime Environment (8.0_131-b11) (build 1.8.0_131-b11)
# Java VM: Java HotSpot(TM) 64-Bit Server VM (25.131-b11 mixed mode windows-amd64 compressed oops)
Heap:
 PSYoungGen      total 38400K, used 19646K [0x00000000fab00000, 0x00000000fd580000, 0x0000000100000000)
  eden space 33280K, 43% used [0x00000000fab00000,0x00000000fb9343a0,0x00000000fcb80000)
  from space 5120K, 99% used [0x00000000fcb80000,0x00000000fd07b788,0x00000000fd080000)
  to   space 5120K, 0% used [0x00000000fd080000,0x00000000fd080000,0x00000000fd580000)
 ParOldGen       total 87552K, used 3527K [0x00000000f0000000, 0x00000000f5580000, 0x00000000fab00000)
  object space 87552K, 4% used [0x00000000f0000000,0x00000000f0371c90,0x00000000f5580000)
 Metaspace       used 17286K, capacity 17760K, committed 18048K, reserved 1064960K
  class space    used 2528K, capacity 2688K, committed 2688K, reserved 1048576K
GC Heap History (6 events):
Event: 4.026 GC heap before
{Heap before GC invocations=1 (full 0):
 PSYoungGen      total 38400K, used 33280K [0x00000000fab00000, 0x00000000fd580000, 0x0000000100000000)
  eden space 33280K, 100% used [0x00000000fab00000,0x00000000fcb80000,0x00000000fcb80000)
  from space 5120K, 0% used [0x00000000fd080000,0x00000000fd080000,0x00000000fd580000)
  to   space 5120K, 0% used [0x00000000fcb80000,0x00000000fcb80000,0x00000000fd080000)
 ParOldGen       total 87552K, used 0K [0x00000000f0000000, 0x00000000f5580000, 0x00000000fab00000)
  object space 87552K, 0% used [0x00000000f0000000,0x00000000f0000000,0x00000000f5580000)
 Metaspace       used 6847K, capacity 6984K, committed 7168K, reserved 1056768K
  class space    used 858K, capacity 909K, committed 1024K, reserved 1048576K
Event: 4.030 GC heap after
Heap after GC invocations=1 (full 0):
 PSYoungGen      total 38400K, used 3935K [0x00000000fab00000, 0x00000000fd580000, 0x0000000100000000)
  eden space 33280K, 0% used [0x00000000fab00000,0x00000000fab00000,0x00000000fcb80000)
  from space 5120K, 76% used [0x00000000fcb80000,0x00000000fcf57ce8,0x00000000fd080000)
  to   space 5120K, 0% used [0x00000000fd080000,0x00000000fd080000,0x00000000fd580000)
 ParOldGen       total 87552K, used 8K [0x00000000f0000000, 0x00000000f5580000, 0x00000000fab00000)
  object space 87552K, 0% used [0x00000000f0000000,0x00000000f0002000,0x00000000f5580000)
 Metaspace       used 6847K, capacity 6984K, committed 7168K, reserved 1056768K
  class space    used 858K, capacity 909K, committed 1024K, reserved 1048576K
}
Event: 6.762 GC heap before
{Heap before GC invocations=2 (full 0):
 PSYoungGen      total 38400K, used 37215K [0x00000000fab00000, 0x00000000fd580000, 0x0000000100000000)
  eden space 33280K, 100% used [0x00000000fab00000,0x00000000fcb80000,0x00000000fcb80000)
  from space 5120K, 76% used [0x00000000fcb80000,0x00000000fcf57ce8,0x00000000fd080000)
  to   space 5120K, 0% used [0x00000000fd080000,0x00000000fd080000,0x00000000fd580000)
 ParOldGen       total 87552K, used 8K [0x00000000f0000000, 0x00000000f5580000, 0x00000000fab00000)
  object space 87552K, 0% used [0x00000000f0000000,0x00000000f0002000,0x00000000f5580000)
 Metaspace       used 12172K, capacity 12520K, committed 12672K, reserved 1060864K
  class space    used 1654K, capacity 1804K, committed 1920K, reserved 1048576K
Event: 6.768 GC heap after
Heap after GC invocations=2 (full 0):
 PSYoungGen      total 38400K, used 5106K [0x00000000fab00000, 0x00000000fd580000, 0x0000000100000000)
  eden space 33280K, 0% used [0x00000000fab00000,0x00000000fab00000,0x00000000fcb80000)
  from space 5120K, 99% used [0x00000000fd080000,0x00000000fd57cb70,0x00000000fd580000)
  to   space 5120K, 0% used [0x00000000fcb80000,0x00000000fcb80000,0x00000000fd080000)
 ParOldGen       total 87552K, used 735K [0x00000000f0000000, 0x00000000f5580000, 0x00000000fab00000)
  object space 87552K, 0% used [0x00000000f0000000,0x00000000f00b7f28,0x00000000f5580000)
 Metaspace       used 12172K, capacity 12520K, committed 12672K, reserved 1060864K
  class space    used 1654K, capacity 1804K, committed 1920K, reserved 1048576K
}
Event: 7.096 GC heap before
{Heap before GC invocations=3 (full 0):
 PSYoungGen      total 38400K, used 38386K [0x00000000fab00000, 0x00000000fd580000, 0x0000000100000000)
  eden space 33280K, 100% used [0x00000000fab00000,0x00000000fcb80000,0x00000000fcb80000)
  from space 5120K, 99% used [0x00000000fd080000,0x00000000fd57cb70,0x00000000fd580000)
  to   space 5120K, 0% used [0x00000000fcb80000,0x00000000fcb80000,0x00000000fd080000)
 ParOldGen       total 87552K, used 735K [0x00000000f0000000, 0x00000000f5580000, 0x00000000fab00000)
  object space 87552K, 0% used [0x00000000f0000000,0x00000000f00b7f28,0x00000000f5580000)
 Metaspace       used 15406K, capacity 15692K, committed 16000K, reserved 1062912K
  class space    used 2229K, capacity 2350K, committed 2432K, reserved 1048576K
Event: 7.102 GC heap after
Heap after GC invocations=3 (full 0):
 PSYoungGen      total 38400K, used 5101K [0x00000000fab00000, 0x00000000fd580000, 0x0000000100000000)
  eden space 33280K, 0% used [0x00000000fab00000,0x00000000fab00000,0x00000000fcb80000)
  from space 5120K, 99% used [0x00000000fcb80000,0x00000000fd07b788,0x00000000fd080000)
  to   space 5120K, 0% used [0x00000000fd080000,0x00000000fd080000,0x00000000fd580000)
 ParOldGen       total 87552K, used 3527K [0x00000000f0000000, 0x00000000f5580000, 0x00000000fab00000)
  object space 87552K, 4% used [0x00000000f0000000,0x00000000f0371c90,0x00000000f5580000)
 Metaspace       used 15406K, capacity 15692K, committed 16000K, reserved 1062912K
  class space    used 2229K, capacity 2350K, committed 2432K, reserved 1048576K
}

